Package                           Version
--------------------------------- --------------
absl-py                           2.1.0
aiofiles                          22.1.0
aiosqlite                         0.20.0
anyio                             3.7.1
argon2-cffi                       23.1.0
argon2-cffi-bindings              21.2.0
arrow                             1.3.0
astroid                           3.2.4
asttokens                         2.4.1
astunparse                        1.6.3
async-lru                         2.0.4
attrs                             24.2.0
autopep8                          2.0.4
babel                             2.16.0
backcall                          0.2.0
bash_kernel                       0.9.3
beautifulsoup4                    4.12.3
black                             24.8.0
bleach                            6.1.0
bs4                               0.0.2
certifi                           2024.8.30
cffi                              1.17.0
charset-normalizer                3.3.2
click                             8.1.7
comm                              0.2.2
contourpy                         1.3.0
cycler                            0.12.1
debugpy                           1.8.5
decorator                         5.1.1
defusedxml                        0.7.1
dill                              0.3.8
docstring-to-markdown             0.15
entrypoints                       0.4
et-xmlfile                        1.1.0
exceptiongroup                    1.2.2
executing                         2.1.0
fastjsonschema                    2.20.0
flake8                            7.1.1
flatbuffers                       24.3.25
fonttools                         4.53.1
fqdn                              1.5.1
gast                              0.6.0
google-pasta                      0.2.0
grpcio                            1.66.1
h11                               0.14.0
h5py                              3.11.0
hererocks                         0.25.1
httpcore                          1.0.5
httpx                             0.27.2
idna                              3.8
importlib_metadata                8.5.0
ipykernel                         6.25.0
ipyparallel                       8.8.0
ipython                           8.15.0
ipython-genutils                  0.2.0
ipywidgets                        8.0.4
isoduration                       20.11.0
isort                             5.13.2
jedi                              0.18.2
Jinja2                            3.1.4
json5                             0.9.25
jsonpointer                       3.0.0
jsonschema                        4.23.0
jsonschema-specifications         2023.12.1
jupyter                           1.1.1
jupyter_client                    7.4.9
jupyter-console                   6.6.3
jupyter-contrib-core              0.4.0
jupyter-contrib-nbextensions      0.7.0
jupyter_core                      5.3.0
jupyter-events                    0.10.0
jupyter-highlight-selected-word   0.2.0
jupyter-js-widgets-nbextension    0.0.2.dev0
jupyter-latex-envs                1.4.6
jupyter-lsp                       2.2.0
jupyter-nbextensions-configurator 0.6.1
jupyter_server                    2.14.2
jupyter_server_fileid             0.9.0
jupyter_server_terminals          0.5.3
jupyter_server_ydoc               0.8.0
jupyter-ydoc                      0.2.4
jupyterlab                        4.2.5
jupyterlab-lsp                    5.1.0
jupyterlab-pygments               0.1.2
jupyterlab_server                 2.27.3
jupyterlab-widgets                3.0.5
keras                             3.5.0
kiwisolver                        1.4.5
libclang                          18.1.1
lxml                              5.3.0
lxml_html_clean                   0.2.2
Markdown                          3.7
markdown-it-py                    3.0.0
MarkupSafe                        2.1.5
matplotlib                        3.9.2
matplotlib-inline                 0.1.7
mccabe                            0.7.0
mdurl                             0.1.2
mistune                           0.8.4
ml-dtypes                         0.4.0
mypy-extensions                   1.0.0
namex                             0.0.8
nbclassic                         0.5.5
nbclient                          0.5.13
nbconvert                         6.5.4
nbformat                          5.9.2
nest-asyncio                      1.6.0
nodeenv                           1.9.1
notebook                          7.2.2
notebook_shim                     0.2.4
numpy                             1.26.4
opencv-python                     4.11.0.86
openpyxl                          3.1.5
opt-einsum                        3.3.0
optree                            0.12.1
overrides                         7.7.0
packaging                         24.1
pandas                            2.2.2
pandoc                            2.4
pandocfilters                     1.5.1
parso                             0.8.4
pathspec                          0.12.1
pexpect                           4.9.0
pickleshare                       0.7.5
pillow                            10.4.0
pip                               25.1.1
pip-search                        0.0.12
platformdirs                      4.2.2
pluggy                            1.5.0
plumbum                           1.8.3
ply                               3.11
prometheus_client                 0.20.0
prompt_toolkit                    3.0.47
protobuf                          4.25.4
psutil                            6.0.0
ptyprocess                        0.7.0
pure_eval                         0.2.3
pycodestyle                       2.12.1
pycparser                         2.22
pydocstyle                        6.3.0
pyflakes                          3.2.0
Pygments                          2.18.0
pylint                            3.2.7
pyparsing                         3.1.4
python-dateutil                   2.9.0.post0
python-json-logger                2.0.7
python-lsp-black                  1.2.1
python-lsp-jsonrpc                1.0.0
python-lsp-server                 1.7.2
pytoolconfig                      1.3.1
pytz                              2024.1
PyYAML                            6.0.2
pyzmq                             26.2.0
qtconsole                         5.6.0
QtPy                              2.4.1
referencing                       0.35.1
requests                          2.32.3
rfc3339-validator                 0.1.4
rfc3986-validator                 0.1.1
rich                              13.8.0
rope                              1.13.0
rpds-py                           0.20.0
seaborn                           0.13.2
Send2Trash                        1.8.3
setuptools                        59.6.0
six                               1.16.0
sniffio                           1.3.1
snowballstemmer                   2.2.0
soupsieve                         2.6
stack-data                        0.6.3
tensorboard                       2.17.1
tensorboard-data-server           0.7.2
tensorflow                        2.17.0
tensorflow-io-gcs-filesystem      0.37.1
termcolor                         2.4.0
terminado                         0.18.1
tinycss2                          1.3.0
toml                              0.10.2
tomli                             2.0.1
tomlkit                           0.13.2
tornado                           6.4.1
tqdm                              4.66.5
traitlets                         5.9.0
types-python-dateutil             2.9.0.20240821
typing_extensions                 4.12.2
tzdata                            2024.1
ujson                             5.10.0
uri-template                      1.3.0
urllib3                           2.2.2
wcwidth                           0.2.13
webcolors                         24.8.0
webencodings                      0.5.1
websocket-client                  1.8.0
Werkzeug                          3.0.4
whatthepatch                      1.0.6
wheel                             0.44.0
widgetsnbextension                4.0.13
wrapt                             1.16.0
y-py                              0.5.9
yapf                              0.40.2
ypy-websocket                     0.8.2
zipp                              3.20.1
